<?xml version="1.0" encoding="UTF-8"?>
<!-- Generated by org.testng.reporters.JUnitReportReporter -->
<testsuite hostname="DESKTOP-KSOJNE0" failures="0" tests="1" name="Clipboard.Automation.SampleTest" time="0.011" errors="0" timestamp="12 Jul 2022 08:10:49 GMT">
  <testcase classname="Clipboard.Automation.SampleTest" name="Hello" time="0.011"/>
</testsuite> <!-- Clipboard.Automation.SampleTest -->
